<?xml version="1.0" encoding="UTF-8"?>
<!-- Generated by org.testng.reporters.JUnitXMLReporter -->
<testsuite hostname="Dhanush" ignored="2" name="Test" tests="2" failures="0" timestamp="10 Dec 2021 08:43:37 GMT" time="0.08" errors="0">
  <testcase name="tc3" time="0.018" classname="org.testing.Sample"/>
  <testcase name="tc4" time="0.001" classname="org.testing.Sample"/>
  <testcase name="tc1" time="0.0" classname="org.testing.Sample">
    <ignored/>
  </testcase> <!-- tc1 -->
  <testcase name="tc2" time="0.0" classname="org.testing.Sample">
    <ignored/>
  </testcase> <!-- tc2 -->
</testsuite> <!-- Test -->
