<?xml version="1.0" encoding="UTF-8"?>
<testng-results skipped="0" failed="0" ignored="2" total="4" passed="2">
  <reporter-output>
  </reporter-output>
  <suite name="Suite" duration-ms="80" started-at="2021-12-10T08:43:36Z" finished-at="2021-12-10T08:43:37Z">
    <groups>
      <group name="Ronaldo">
        <method signature="Sample.tc3()[pri:0, instance:org.testing.Sample@31a5c39e]" name="tc3" class="org.testing.Sample"/>
        <method signature="Sample.tc4()[pri:0, instance:org.testing.Sample@31a5c39e]" name="tc4" class="org.testing.Sample"/>
      </group> <!-- Ronaldo -->
    </groups>
    <test name="Test" duration-ms="80" started-at="2021-12-10T08:43:36Z" finished-at="2021-12-10T08:43:37Z">
      <class name="org.testing.Sample">
        <test-method status="PASS" signature="tc3()[pri:0, instance:org.testing.Sample@31a5c39e]" name="tc3" duration-ms="18" started-at="2021-12-10T08:43:36Z" finished-at="2021-12-10T08:43:36Z">
          <reporter-output>
          </reporter-output>
        </test-method> <!-- tc3 -->
        <test-method status="PASS" signature="tc4()[pri:0, instance:org.testing.Sample@31a5c39e]" name="tc4" duration-ms="1" started-at="2021-12-10T08:43:37Z" finished-at="2021-12-10T08:43:37Z">
          <reporter-output>
          </reporter-output>
        </test-method> <!-- tc4 -->
      </class> <!-- org.testing.Sample -->
    </test> <!-- Test -->
  </suite> <!-- Suite -->
</testng-results>
